  EDDProyecto1.cpp
C:\Users\gerso\source\repos\EDDProyecto1\EDDProyecto1\EDDProyecto1.cpp(1,10): warning C4067:  unexpected tokens following preprocessor directive - expected a newline
C:\Users\gerso\source\repos\EDDProyecto1\EDDProyecto1\EDDProyecto1.cpp(2,10): warning C4067:  unexpected tokens following preprocessor directive - expected a newline
C:\Users\gerso\source\repos\EDDProyecto1\EDDProyecto1\EDDProyecto1.cpp(3,10): warning C4067:  unexpected tokens following preprocessor directive - expected a newline
C:\Users\gerso\source\repos\EDDProyecto1\EDDProyecto1\ColaFicha.h(3,10): warning C4067:  unexpected tokens following preprocessor directive - expected a newline
C:\Users\gerso\source\repos\EDDProyecto1\EDDProyecto1\EDDProyecto1.cpp(4,10): warning C4067:  unexpected tokens following preprocessor directive - expected a newline
C:\Users\gerso\source\repos\EDDProyecto1\EDDProyecto1\ListaPalabras.h(3,10): warning C4067:  unexpected tokens following preprocessor directive - expected a newline
C:\Users\gerso\source\repos\EDDProyecto1\EDDProyecto1\ListaPalabras.h(4,10): warning C4067:  unexpected tokens following preprocessor directive - expected a newline
C:\Users\gerso\source\repos\EDDProyecto1\EDDProyecto1\ListaPalabras.h(5,10): warning C4067:  unexpected tokens following preprocessor directive - expected a newline
C:\Users\gerso\source\repos\EDDProyecto1\EDDProyecto1\ListaPalabras.h(6,10): warning C4067:  unexpected tokens following preprocessor directive - expected a newline
C:\Users\gerso\source\repos\EDDProyecto1\EDDProyecto1\ListaPalabras.h(7,10): warning C4067:  unexpected tokens following preprocessor directive - expected a newline
C:\Users\gerso\source\repos\EDDProyecto1\EDDProyecto1\ListaPalabras.h(8,10): warning C4067:  unexpected tokens following preprocessor directive - expected a newline
C:\Users\gerso\source\repos\EDDProyecto1\EDDProyecto1\ListaPalabras.h(9,10): warning C4067:  unexpected tokens following preprocessor directive - expected a newline
C:\Users\gerso\source\repos\EDDProyecto1\EDDProyecto1\ListaPalabras.h(10,10): warning C4067:  unexpected tokens following preprocessor directive - expected a newline
C:\Users\gerso\source\repos\EDDProyecto1\EDDProyecto1\ListaPalabras.h(11,10): warning C4067:  unexpected tokens following preprocessor directive - expected a newline
C:\Users\gerso\source\repos\EDDProyecto1\EDDProyecto1\EDDProyecto1.cpp(5,10): warning C4067:  unexpected tokens following preprocessor directive - expected a newline
C:\Users\gerso\source\repos\EDDProyecto1\EDDProyecto1\ListaPuntaje.h(2,10): warning C4067:  unexpected tokens following preprocessor directive - expected a newline
C:\Users\gerso\source\repos\EDDProyecto1\EDDProyecto1\EDDProyecto1.cpp(6,10): warning C4067:  unexpected tokens following preprocessor directive - expected a newline
C:\Users\gerso\source\repos\EDDProyecto1\EDDProyecto1\ListaFicha.h(2,10): warning C4067:  unexpected tokens following preprocessor directive - expected a newline
C:\Users\gerso\source\repos\EDDProyecto1\EDDProyecto1\EDDProyecto1.cpp(7,10): warning C4067:  unexpected tokens following preprocessor directive - expected a newline
C:\Users\gerso\source\repos\EDDProyecto1\EDDProyecto1\EDDProyecto1.cpp(8,10): warning C4067:  unexpected tokens following preprocessor directive - expected a newline
C:\Users\gerso\source\repos\EDDProyecto1\EDDProyecto1\ArbolJugador.h(2,10): warning C4067:  unexpected tokens following preprocessor directive - expected a newline
C:\Users\gerso\source\repos\EDDProyecto1\EDDProyecto1\NodoJugador.h(2,10): warning C4067:  unexpected tokens following preprocessor directive - expected a newline
C:\Users\gerso\source\repos\EDDProyecto1\EDDProyecto1\NodoJugador.h(3,10): warning C4067:  unexpected tokens following preprocessor directive - expected a newline
C:\Users\gerso\source\repos\EDDProyecto1\EDDProyecto1\NodoJugador.h(4,10): warning C4067:  unexpected tokens following preprocessor directive - expected a newline
C:\Users\gerso\source\repos\EDDProyecto1\EDDProyecto1\NodoJugador.h(5,10): warning C4067:  unexpected tokens following preprocessor directive - expected a newline
C:\Users\gerso\source\repos\EDDProyecto1\EDDProyecto1\NodoJugador.h(6,10): warning C4067:  unexpected tokens following preprocessor directive - expected a newline
C:\Users\gerso\source\repos\EDDProyecto1\EDDProyecto1\NodoJugador.h(7,10): warning C4067:  unexpected tokens following preprocessor directive - expected a newline
C:\Users\gerso\source\repos\EDDProyecto1\EDDProyecto1\NodoJugador.h(8,10): warning C4067:  unexpected tokens following preprocessor directive - expected a newline
C:\Users\gerso\source\repos\EDDProyecto1\EDDProyecto1\EDDProyecto1.cpp(9,10): warning C4067:  unexpected tokens following preprocessor directive - expected a newline
C:\Users\gerso\source\repos\EDDProyecto1\EDDProyecto1\Matriz.h(2,10): warning C4067:  unexpected tokens following preprocessor directive - expected a newline
C:\Users\gerso\source\repos\EDDProyecto1\EDDProyecto1\NodoMatriz.h(2,10): warning C4067:  unexpected tokens following preprocessor directive - expected a newline
C:\Users\gerso\source\repos\EDDProyecto1\EDDProyecto1\NodoMatriz.h(3,10): warning C4067:  unexpected tokens following preprocessor directive - expected a newline
C:\Users\gerso\source\repos\EDDProyecto1\EDDProyecto1\EDDProyecto1.cpp(10,10): warning C4067:  unexpected tokens following preprocessor directive - expected a newline
C:\Users\gerso\source\repos\EDDProyecto1\EDDProyecto1\EDDProyecto1.cpp(11,10): warning C4067:  unexpected tokens following preprocessor directive - expected a newline
C:\Users\gerso\source\repos\EDDProyecto1\EDDProyecto1\LecturaJSON.h(2,10): warning C4067:  unexpected tokens following preprocessor directive - expected a newline
C:\Users\gerso\source\repos\EDDProyecto1\EDDProyecto1\listaDobles.h(2,10): warning C4067:  unexpected tokens following preprocessor directive - expected a newline
C:\Users\gerso\source\repos\EDDProyecto1\EDDProyecto1\listaDobles.h(3,10): warning C4067:  unexpected tokens following preprocessor directive - expected a newline
C:\Users\gerso\source\repos\EDDProyecto1\EDDProyecto1\listaDobles.h(4,10): warning C4067:  unexpected tokens following preprocessor directive - expected a newline
C:\Users\gerso\source\repos\EDDProyecto1\EDDProyecto1\listaDobles.h(5,10): warning C4067:  unexpected tokens following preprocessor directive - expected a newline
C:\Users\gerso\source\repos\EDDProyecto1\EDDProyecto1\EDDProyecto1.cpp(12,10): warning C4067:  unexpected tokens following preprocessor directive - expected a newline
C:\Users\gerso\source\repos\EDDProyecto1\EDDProyecto1\EDDProyecto1.cpp(13,10): warning C4067:  unexpected tokens following preprocessor directive - expected a newline
C:\Users\gerso\source\repos\EDDProyecto1\EDDProyecto1\EDDProyecto1.cpp(611,12): warning C4244:  'argument': conversion from 'time_t' to 'unsigned int', possible loss of data
  EDDProyecto1.vcxproj -> C:\Users\gerso\source\repos\EDDProyecto1\Debug\EDDProyecto1.exe
